<?xml version="1.0" encoding="UTF-8"?>
<!-- Generated by org.testng.reporters.JUnitReportReporter -->
<testsuite skipped="0" hostname="LAPTOP-4FHIGJS1" name="test.Module1Test" tests="1" failures="0" timestamp="15 Aug 2020 20:36:01 GMT" time="90.804" errors="0">
  <testcase name="totalValidation" time="90.804" classname="test.Module1Test"/>
</testsuite> <!-- test.Module1Test -->
