<?xml version="1.0" encoding="UTF-8"?>
<!-- Generated by org.testng.reporters.JUnitReportReporter -->
<testsuite skipped="0" hostname="LAPTOP-4FHIGJS1" name="test.Module1Test" tests="1" failures="0" timestamp="13 Aug 2020 19:05:12 GMT" time="84.594" errors="0">
  <testcase name="totalValidation" time="84.594" classname="test.Module1Test"/>
</testsuite> <!-- test.Module1Test -->
